{"uid":"1858d6cdbbb14ca","name":"test","fullName":"functional.TC016_VerifyElevenEndpointsProcessingTest.test","historyId":"6c904931cfc396c9e057890bbe497abe","time":{"start":1739191903785,"stop":1739192323964,"duration":420179},"description":"Execution of config file that has more than 10 endpoints.","descriptionHtml":"<p>Execution of config file that has more than 10 endpoints.</p>\n","status":"failed","statusMessage":"The following asserts failed:\n\tAssert endpoint data. expected [EndpointDto(address=9.9.9.9, description=Quad9 DNS, ignore=false)] but found [EndpointDto(address=149.112.112.112, description=Quad9 DNS, ignore=false)]\nStack Trace :[org.testng.Assert.fail(Assert.java:111)\n org.testng.Assert.failNotEquals(Assert.java:1578)\n org.testng.Assert.assertEqualsImpl(Assert.java:150)\n org.testng.Assert.assertEquals(Assert.java:132)\n org.testng.asserts.Assertion$8.doAssert(Assertion.java:156)\n com.pinger.automation.utils.SoftVerifier.doAssert(SoftVerifier.java:19)\n org.testng.asserts.Assertion.assertEquals(Assertion.java:152)\n com.pinger.automation.core.model.clients.PingerClient.validateEndpointEntries(PingerClient.java:88)\n com.pinger.automation.core.model.clients.PingerClient.processValidScenario(PingerClient.java:72)\n functional.TC016_VerifyElevenEndpointsProcessingTest.test(TC016_VerifyElevenEndpointsProcessingTest.java:39)\n java.base/jdk.internal.reflect.DirectMethodHandleAccessor.invoke(DirectMethodHandleAccessor.java:103)\n java.base/java.lang.reflect.Method.invoke(Method.java:580)\n org.testng.internal.invokers.MethodInvocationHelper.invokeMethod(MethodInvocationHelper.java:139)\n org.testng.internal.invokers.TestInvoker.invokeMethod(TestInvoker.java:664)\n org.testng.internal.invokers.TestInvoker.invokeTestMethod(TestInvoker.java:228)\n org.testng.internal.invokers.MethodRunner.runInSequence(MethodRunner.java:63)\n org.testng.internal.invokers.TestInvoker$MethodInvocationAgent.invoke(TestInvoker.java:961)\n org.testng.internal.invokers.TestInvoker.invokeTestMethods(TestInvoker.java:201)\n org.testng.internal.invokers.TestMethodWorker.invokeTestMethods(TestMethodWorker.java:148)\n org.testng.internal.invokers.TestMethodWorker.run(TestMethodWorker.java:128)\n java.base/java.util.ArrayList.forEach(ArrayList.java:1596)\n org.testng.TestRunner.privateRun(TestRunner.java:819)\n org.testng.TestRunner.run(TestRunner.java:619)\n org.testng.SuiteRunner.runTest(SuiteRunner.java:443)\n org.testng.SuiteRunner.runSequentially(SuiteRunner.java:437)\n org.testng.SuiteRunner.privateRun(SuiteRunner.java:397)\n org.testng.SuiteRunner.run(SuiteRunner.java:336)\n org.testng.SuiteRunnerWorker.runSuite(SuiteRunnerWorker.java:52)\n org.testng.SuiteRunnerWorker.run(SuiteRunnerWorker.java:95)\n org.testng.TestNG.runSuitesSequentially(TestNG.java:1301)\n org.testng.TestNG.runSuitesLocally(TestNG.java:1228)\n org.testng.TestNG.runSuites(TestNG.java:1134)\n org.testng.TestNG.run(TestNG.java:1101)\n org.apache.maven.surefire.testng.TestNGExecutor.run(TestNGExecutor.java:155)\n org.apache.maven.surefire.testng.TestNGDirectoryTestSuite.executeMulti(TestNGDirectoryTestSuite.java:169)\n org.apache.maven.surefire.testng.TestNGDirectoryTestSuite.execute(TestNGDirectoryTestSuite.java:88)\n org.apache.maven.surefire.testng.TestNGProvider.invoke(TestNGProvider.java:137)\n org.apache.maven.surefire.booter.ForkedBooter.runSuitesInProcess(ForkedBooter.java:385)\n org.apache.maven.surefire.booter.ForkedBooter.execute(ForkedBooter.java:162)\n org.apache.maven.surefire.booter.ForkedBooter.run(ForkedBooter.java:507)\n org.apache.maven.surefire.booter.ForkedBooter.main(ForkedBooter.java:495)],\n\tAssert endpoint data. expected [EndpointDto(address=1.1.1.1, description=Cloudflare DNS, ignore=false)] but found [EndpointDto(address=1.1.1.1, description=Cloudflare DNS, ignore=true)]\nStack Trace :[org.testng.Assert.fail(Assert.java:111)\n org.testng.Assert.failNotEquals(Assert.java:1578)\n org.testng.Assert.assertEqualsImpl(Assert.java:150)\n org.testng.Assert.assertEquals(Assert.java:132)\n org.testng.asserts.Assertion$8.doAssert(Assertion.java:156)\n com.pinger.automation.utils.SoftVerifier.doAssert(SoftVerifier.java:19)\n org.testng.asserts.Assertion.assertEquals(Assertion.java:152)\n com.pinger.automation.core.model.clients.PingerClient.validateEndpointEntries(PingerClient.java:88)\n com.pinger.automation.core.model.clients.PingerClient.processValidScenario(PingerClient.java:72)\n functional.TC016_VerifyElevenEndpointsProcessingTest.test(TC016_VerifyElevenEndpointsProcessingTest.java:39)\n java.base/jdk.internal.reflect.DirectMethodHandleAccessor.invoke(DirectMethodHandleAccessor.java:103)\n java.base/java.lang.reflect.Method.invoke(Method.java:580)\n org.testng.internal.invokers.MethodInvocationHelper.invokeMethod(MethodInvocationHelper.java:139)\n org.testng.internal.invokers.TestInvoker.invokeMethod(TestInvoker.java:664)\n org.testng.internal.invokers.TestInvoker.invokeTestMethod(TestInvoker.java:228)\n org.testng.internal.invokers.MethodRunner.runInSequence(MethodRunner.java:63)\n org.testng.internal.invokers.TestInvoker$MethodInvocationAgent.invoke(TestInvoker.java:961)\n org.testng.internal.invokers.TestInvoker.invokeTestMethods(TestInvoker.java:201)\n org.testng.internal.invokers.TestMethodWorker.invokeTestMethods(TestMethodWorker.java:148)\n org.testng.internal.invokers.TestMethodWorker.run(TestMethodWorker.java:128)\n java.base/java.util.ArrayList.forEach(ArrayList.java:1596)\n org.testng.TestRunner.privateRun(TestRunner.java:819)\n org.testng.TestRunner.run(TestRunner.java:619)\n org.testng.SuiteRunner.runTest(SuiteRunner.java:443)\n org.testng.SuiteRunner.runSequentially(SuiteRunner.java:437)\n org.testng.SuiteRunner.privateRun(SuiteRunner.java:397)\n org.testng.SuiteRunner.run(SuiteRunner.java:336)\n org.testng.SuiteRunnerWorker.runSuite(SuiteRunnerWorker.java:52)\n org.testng.SuiteRunnerWorker.run(SuiteRunnerWorker.java:95)\n org.testng.TestNG.runSuitesSequentially(TestNG.java:1301)\n org.testng.TestNG.runSuitesLocally(TestNG.java:1228)\n org.testng.TestNG.runSuites(TestNG.java:1134)\n org.testng.TestNG.run(TestNG.java:1101)\n org.apache.maven.surefire.testng.TestNGExecutor.run(TestNGExecutor.java:155)\n org.apache.maven.surefire.testng.TestNGDirectoryTestSuite.executeMulti(TestNGDirectoryTestSuite.java:169)\n org.apache.maven.surefire.testng.TestNGDirectoryTestSuite.execute(TestNGDirectoryTestSuite.java:88)\n org.apache.maven.surefire.testng.TestNGProvider.invoke(TestNGProvider.java:137)\n org.apache.maven.surefire.booter.ForkedBooter.runSuitesInProcess(ForkedBooter.java:385)\n org.apache.maven.surefire.booter.ForkedBooter.execute(ForkedBooter.java:162)\n org.apache.maven.surefire.booter.ForkedBooter.run(ForkedBooter.java:507)\n org.apache.maven.surefire.booter.ForkedBooter.main(ForkedBooter.java:495)],\n\tAssert endpoint data. expected [EndpointDto(address=192.168.0.101, description=My Grandma, ignore=false)] but found [EndpointDto(address=192.168.0.101, description=My Grandma, ignore=true)]\nStack Trace :[org.testng.Assert.fail(Assert.java:111)\n org.testng.Assert.failNotEquals(Assert.java:1578)\n org.testng.Assert.assertEqualsImpl(Assert.java:150)\n org.testng.Assert.assertEquals(Assert.java:132)\n org.testng.asserts.Assertion$8.doAssert(Assertion.java:156)\n com.pinger.automation.utils.SoftVerifier.doAssert(SoftVerifier.java:19)\n org.testng.asserts.Assertion.assertEquals(Assertion.java:152)\n com.pinger.automation.core.model.clients.PingerClient.validateEndpointEntries(PingerClient.java:88)\n com.pinger.automation.core.model.clients.PingerClient.processValidScenario(PingerClient.java:72)\n functional.TC016_VerifyElevenEndpointsProcessingTest.test(TC016_VerifyElevenEndpointsProcessingTest.java:39)\n java.base/jdk.internal.reflect.DirectMethodHandleAccessor.invoke(DirectMethodHandleAccessor.java:103)\n java.base/java.lang.reflect.Method.invoke(Method.java:580)\n org.testng.internal.invokers.MethodInvocationHelper.invokeMethod(MethodInvocationHelper.java:139)\n org.testng.internal.invokers.TestInvoker.invokeMethod(TestInvoker.java:664)\n org.testng.internal.invokers.TestInvoker.invokeTestMethod(TestInvoker.java:228)\n org.testng.internal.invokers.MethodRunner.runInSequence(MethodRunner.java:63)\n org.testng.internal.invokers.TestInvoker$MethodInvocationAgent.invoke(TestInvoker.java:961)\n org.testng.internal.invokers.TestInvoker.invokeTestMethods(TestInvoker.java:201)\n org.testng.internal.invokers.TestMethodWorker.invokeTestMethods(TestMethodWorker.java:148)\n org.testng.internal.invokers.TestMethodWorker.run(TestMethodWorker.java:128)\n java.base/java.util.ArrayList.forEach(ArrayList.java:1596)\n org.testng.TestRunner.privateRun(TestRunner.java:819)\n org.testng.TestRunner.run(TestRunner.java:619)\n org.testng.SuiteRunner.runTest(SuiteRunner.java:443)\n org.testng.SuiteRunner.runSequentially(SuiteRunner.java:437)\n org.testng.SuiteRunner.privateRun(SuiteRunner.java:397)\n org.testng.SuiteRunner.run(SuiteRunner.java:336)\n org.testng.SuiteRunnerWorker.runSuite(SuiteRunnerWorker.java:52)\n org.testng.SuiteRunnerWorker.run(SuiteRunnerWorker.java:95)\n org.testng.TestNG.runSuitesSequentially(TestNG.java:1301)\n org.testng.TestNG.runSuitesLocally(TestNG.java:1228)\n org.testng.TestNG.runSuites(TestNG.java:1134)\n org.testng.TestNG.run(TestNG.java:1101)\n org.apache.maven.surefire.testng.TestNGExecutor.run(TestNGExecutor.java:155)\n org.apache.maven.surefire.testng.TestNGDirectoryTestSuite.executeMulti(TestNGDirectoryTestSuite.java:169)\n org.apache.maven.surefire.testng.TestNGDirectoryTestSuite.execute(TestNGDirectoryTestSuite.java:88)\n org.apache.maven.surefire.testng.TestNGProvider.invoke(TestNGProvider.java:137)\n org.apache.maven.surefire.booter.ForkedBooter.runSuitesInProcess(ForkedBooter.java:385)\n org.apache.maven.surefire.booter.ForkedBooter.execute(ForkedBooter.java:162)\n org.apache.maven.surefire.booter.ForkedBooter.run(ForkedBooter.java:507)\n org.apache.maven.surefire.booter.ForkedBooter.main(ForkedBooter.java:495)]","statusTrace":"java.lang.AssertionError: The following asserts failed:\n\tAssert endpoint data. expected [EndpointDto(address=9.9.9.9, description=Quad9 DNS, ignore=false)] but found [EndpointDto(address=149.112.112.112, description=Quad9 DNS, ignore=false)]\nStack Trace :[org.testng.Assert.fail(Assert.java:111)\n org.testng.Assert.failNotEquals(Assert.java:1578)\n org.testng.Assert.assertEqualsImpl(Assert.java:150)\n org.testng.Assert.assertEquals(Assert.java:132)\n org.testng.asserts.Assertion$8.doAssert(Assertion.java:156)\n com.pinger.automation.utils.SoftVerifier.doAssert(SoftVerifier.java:19)\n org.testng.asserts.Assertion.assertEquals(Assertion.java:152)\n com.pinger.automation.core.model.clients.PingerClient.validateEndpointEntries(PingerClient.java:88)\n com.pinger.automation.core.model.clients.PingerClient.processValidScenario(PingerClient.java:72)\n functional.TC016_VerifyElevenEndpointsProcessingTest.test(TC016_VerifyElevenEndpointsProcessingTest.java:39)\n java.base/jdk.internal.reflect.DirectMethodHandleAccessor.invoke(DirectMethodHandleAccessor.java:103)\n java.base/java.lang.reflect.Method.invoke(Method.java:580)\n org.testng.internal.invokers.MethodInvocationHelper.invokeMethod(MethodInvocationHelper.java:139)\n org.testng.internal.invokers.TestInvoker.invokeMethod(TestInvoker.java:664)\n org.testng.internal.invokers.TestInvoker.invokeTestMethod(TestInvoker.java:228)\n org.testng.internal.invokers.MethodRunner.runInSequence(MethodRunner.java:63)\n org.testng.internal.invokers.TestInvoker$MethodInvocationAgent.invoke(TestInvoker.java:961)\n org.testng.internal.invokers.TestInvoker.invokeTestMethods(TestInvoker.java:201)\n org.testng.internal.invokers.TestMethodWorker.invokeTestMethods(TestMethodWorker.java:148)\n org.testng.internal.invokers.TestMethodWorker.run(TestMethodWorker.java:128)\n java.base/java.util.ArrayList.forEach(ArrayList.java:1596)\n org.testng.TestRunner.privateRun(TestRunner.java:819)\n org.testng.TestRunner.run(TestRunner.java:619)\n org.testng.SuiteRunner.runTest(SuiteRunner.java:443)\n org.testng.SuiteRunner.runSequentially(SuiteRunner.java:437)\n org.testng.SuiteRunner.privateRun(SuiteRunner.java:397)\n org.testng.SuiteRunner.run(SuiteRunner.java:336)\n org.testng.SuiteRunnerWorker.runSuite(SuiteRunnerWorker.java:52)\n org.testng.SuiteRunnerWorker.run(SuiteRunnerWorker.java:95)\n org.testng.TestNG.runSuitesSequentially(TestNG.java:1301)\n org.testng.TestNG.runSuitesLocally(TestNG.java:1228)\n org.testng.TestNG.runSuites(TestNG.java:1134)\n org.testng.TestNG.run(TestNG.java:1101)\n org.apache.maven.surefire.testng.TestNGExecutor.run(TestNGExecutor.java:155)\n org.apache.maven.surefire.testng.TestNGDirectoryTestSuite.executeMulti(TestNGDirectoryTestSuite.java:169)\n org.apache.maven.surefire.testng.TestNGDirectoryTestSuite.execute(TestNGDirectoryTestSuite.java:88)\n org.apache.maven.surefire.testng.TestNGProvider.invoke(TestNGProvider.java:137)\n org.apache.maven.surefire.booter.ForkedBooter.runSuitesInProcess(ForkedBooter.java:385)\n org.apache.maven.surefire.booter.ForkedBooter.execute(ForkedBooter.java:162)\n org.apache.maven.surefire.booter.ForkedBooter.run(ForkedBooter.java:507)\n org.apache.maven.surefire.booter.ForkedBooter.main(ForkedBooter.java:495)],\n\tAssert endpoint data. expected [EndpointDto(address=1.1.1.1, description=Cloudflare DNS, ignore=false)] but found [EndpointDto(address=1.1.1.1, description=Cloudflare DNS, ignore=true)]\nStack Trace :[org.testng.Assert.fail(Assert.java:111)\n org.testng.Assert.failNotEquals(Assert.java:1578)\n org.testng.Assert.assertEqualsImpl(Assert.java:150)\n org.testng.Assert.assertEquals(Assert.java:132)\n org.testng.asserts.Assertion$8.doAssert(Assertion.java:156)\n com.pinger.automation.utils.SoftVerifier.doAssert(SoftVerifier.java:19)\n org.testng.asserts.Assertion.assertEquals(Assertion.java:152)\n com.pinger.automation.core.model.clients.PingerClient.validateEndpointEntries(PingerClient.java:88)\n com.pinger.automation.core.model.clients.PingerClient.processValidScenario(PingerClient.java:72)\n functional.TC016_VerifyElevenEndpointsProcessingTest.test(TC016_VerifyElevenEndpointsProcessingTest.java:39)\n java.base/jdk.internal.reflect.DirectMethodHandleAccessor.invoke(DirectMethodHandleAccessor.java:103)\n java.base/java.lang.reflect.Method.invoke(Method.java:580)\n org.testng.internal.invokers.MethodInvocationHelper.invokeMethod(MethodInvocationHelper.java:139)\n org.testng.internal.invokers.TestInvoker.invokeMethod(TestInvoker.java:664)\n org.testng.internal.invokers.TestInvoker.invokeTestMethod(TestInvoker.java:228)\n org.testng.internal.invokers.MethodRunner.runInSequence(MethodRunner.java:63)\n org.testng.internal.invokers.TestInvoker$MethodInvocationAgent.invoke(TestInvoker.java:961)\n org.testng.internal.invokers.TestInvoker.invokeTestMethods(TestInvoker.java:201)\n org.testng.internal.invokers.TestMethodWorker.invokeTestMethods(TestMethodWorker.java:148)\n org.testng.internal.invokers.TestMethodWorker.run(TestMethodWorker.java:128)\n java.base/java.util.ArrayList.forEach(ArrayList.java:1596)\n org.testng.TestRunner.privateRun(TestRunner.java:819)\n org.testng.TestRunner.run(TestRunner.java:619)\n org.testng.SuiteRunner.runTest(SuiteRunner.java:443)\n org.testng.SuiteRunner.runSequentially(SuiteRunner.java:437)\n org.testng.SuiteRunner.privateRun(SuiteRunner.java:397)\n org.testng.SuiteRunner.run(SuiteRunner.java:336)\n org.testng.SuiteRunnerWorker.runSuite(SuiteRunnerWorker.java:52)\n org.testng.SuiteRunnerWorker.run(SuiteRunnerWorker.java:95)\n org.testng.TestNG.runSuitesSequentially(TestNG.java:1301)\n org.testng.TestNG.runSuitesLocally(TestNG.java:1228)\n org.testng.TestNG.runSuites(TestNG.java:1134)\n org.testng.TestNG.run(TestNG.java:1101)\n org.apache.maven.surefire.testng.TestNGExecutor.run(TestNGExecutor.java:155)\n org.apache.maven.surefire.testng.TestNGDirectoryTestSuite.executeMulti(TestNGDirectoryTestSuite.java:169)\n org.apache.maven.surefire.testng.TestNGDirectoryTestSuite.execute(TestNGDirectoryTestSuite.java:88)\n org.apache.maven.surefire.testng.TestNGProvider.invoke(TestNGProvider.java:137)\n org.apache.maven.surefire.booter.ForkedBooter.runSuitesInProcess(ForkedBooter.java:385)\n org.apache.maven.surefire.booter.ForkedBooter.execute(ForkedBooter.java:162)\n org.apache.maven.surefire.booter.ForkedBooter.run(ForkedBooter.java:507)\n org.apache.maven.surefire.booter.ForkedBooter.main(ForkedBooter.java:495)],\n\tAssert endpoint data. expected [EndpointDto(address=192.168.0.101, description=My Grandma, ignore=false)] but found [EndpointDto(address=192.168.0.101, description=My Grandma, ignore=true)]\nStack Trace :[org.testng.Assert.fail(Assert.java:111)\n org.testng.Assert.failNotEquals(Assert.java:1578)\n org.testng.Assert.assertEqualsImpl(Assert.java:150)\n org.testng.Assert.assertEquals(Assert.java:132)\n org.testng.asserts.Assertion$8.doAssert(Assertion.java:156)\n com.pinger.automation.utils.SoftVerifier.doAssert(SoftVerifier.java:19)\n org.testng.asserts.Assertion.assertEquals(Assertion.java:152)\n com.pinger.automation.core.model.clients.PingerClient.validateEndpointEntries(PingerClient.java:88)\n com.pinger.automation.core.model.clients.PingerClient.processValidScenario(PingerClient.java:72)\n functional.TC016_VerifyElevenEndpointsProcessingTest.test(TC016_VerifyElevenEndpointsProcessingTest.java:39)\n java.base/jdk.internal.reflect.DirectMethodHandleAccessor.invoke(DirectMethodHandleAccessor.java:103)\n java.base/java.lang.reflect.Method.invoke(Method.java:580)\n org.testng.internal.invokers.MethodInvocationHelper.invokeMethod(MethodInvocationHelper.java:139)\n org.testng.internal.invokers.TestInvoker.invokeMethod(TestInvoker.java:664)\n org.testng.internal.invokers.TestInvoker.invokeTestMethod(TestInvoker.java:228)\n org.testng.internal.invokers.MethodRunner.runInSequence(MethodRunner.java:63)\n org.testng.internal.invokers.TestInvoker$MethodInvocationAgent.invoke(TestInvoker.java:961)\n org.testng.internal.invokers.TestInvoker.invokeTestMethods(TestInvoker.java:201)\n org.testng.internal.invokers.TestMethodWorker.invokeTestMethods(TestMethodWorker.java:148)\n org.testng.internal.invokers.TestMethodWorker.run(TestMethodWorker.java:128)\n java.base/java.util.ArrayList.forEach(ArrayList.java:1596)\n org.testng.TestRunner.privateRun(TestRunner.java:819)\n org.testng.TestRunner.run(TestRunner.java:619)\n org.testng.SuiteRunner.runTest(SuiteRunner.java:443)\n org.testng.SuiteRunner.runSequentially(SuiteRunner.java:437)\n org.testng.SuiteRunner.privateRun(SuiteRunner.java:397)\n org.testng.SuiteRunner.run(SuiteRunner.java:336)\n org.testng.SuiteRunnerWorker.runSuite(SuiteRunnerWorker.java:52)\n org.testng.SuiteRunnerWorker.run(SuiteRunnerWorker.java:95)\n org.testng.TestNG.runSuitesSequentially(TestNG.java:1301)\n org.testng.TestNG.runSuitesLocally(TestNG.java:1228)\n org.testng.TestNG.runSuites(TestNG.java:1134)\n org.testng.TestNG.run(TestNG.java:1101)\n org.apache.maven.surefire.testng.TestNGExecutor.run(TestNGExecutor.java:155)\n org.apache.maven.surefire.testng.TestNGDirectoryTestSuite.executeMulti(TestNGDirectoryTestSuite.java:169)\n org.apache.maven.surefire.testng.TestNGDirectoryTestSuite.execute(TestNGDirectoryTestSuite.java:88)\n org.apache.maven.surefire.testng.TestNGProvider.invoke(TestNGProvider.java:137)\n org.apache.maven.surefire.booter.ForkedBooter.runSuitesInProcess(ForkedBooter.java:385)\n org.apache.maven.surefire.booter.ForkedBooter.execute(ForkedBooter.java:162)\n org.apache.maven.surefire.booter.ForkedBooter.run(ForkedBooter.java:507)\n org.apache.maven.surefire.booter.ForkedBooter.main(ForkedBooter.java:495)]\n\tat com.pinger.automation.utils.SoftVerifier.verifyAll(SoftVerifier.java:47)\n\tat com.pinger.automation.core.model.clients.PingerClient.processValidScenario(PingerClient.java:73)\n\tat functional.TC016_VerifyElevenEndpointsProcessingTest.test(TC016_VerifyElevenEndpointsProcessingTest.java:39)\n\tat java.base/jdk.internal.reflect.DirectMethodHandleAccessor.invoke(DirectMethodHandleAccessor.java:103)\n\tat java.base/java.lang.reflect.Method.invoke(Method.java:580)\n\tat org.testng.internal.invokers.MethodInvocationHelper.invokeMethod(MethodInvocationHelper.java:139)\n\tat org.testng.internal.invokers.TestInvoker.invokeMethod(TestInvoker.java:664)\n\tat org.testng.internal.invokers.TestInvoker.invokeTestMethod(TestInvoker.java:228)\n\tat org.testng.internal.invokers.MethodRunner.runInSequence(MethodRunner.java:63)\n\tat org.testng.internal.invokers.TestInvoker$MethodInvocationAgent.invoke(TestInvoker.java:961)\n\tat org.testng.internal.invokers.TestInvoker.invokeTestMethods(TestInvoker.java:201)\n\tat org.testng.internal.invokers.TestMethodWorker.invokeTestMethods(TestMethodWorker.java:148)\n\tat org.testng.internal.invokers.TestMethodWorker.run(TestMethodWorker.java:128)\n\tat java.base/java.util.ArrayList.forEach(ArrayList.java:1596)\n\tat org.testng.TestRunner.privateRun(TestRunner.java:819)\n\tat org.testng.TestRunner.run(TestRunner.java:619)\n\tat org.testng.SuiteRunner.runTest(SuiteRunner.java:443)\n\tat org.testng.SuiteRunner.runSequentially(SuiteRunner.java:437)\n\tat org.testng.SuiteRunner.privateRun(SuiteRunner.java:397)\n\tat org.testng.SuiteRunner.run(SuiteRunner.java:336)\n\tat org.testng.SuiteRunnerWorker.runSuite(SuiteRunnerWorker.java:52)\n\tat org.testng.SuiteRunnerWorker.run(SuiteRunnerWorker.java:95)\n\tat org.testng.TestNG.runSuitesSequentially(TestNG.java:1301)\n\tat org.testng.TestNG.runSuitesLocally(TestNG.java:1228)\n\tat org.testng.TestNG.runSuites(TestNG.java:1134)\n\tat org.testng.TestNG.run(TestNG.java:1101)\n\tat org.apache.maven.surefire.testng.TestNGExecutor.run(TestNGExecutor.java:155)\n\tat org.apache.maven.surefire.testng.TestNGDirectoryTestSuite.executeMulti(TestNGDirectoryTestSuite.java:169)\n\tat org.apache.maven.surefire.testng.TestNGDirectoryTestSuite.execute(TestNGDirectoryTestSuite.java:88)\n\tat org.apache.maven.surefire.testng.TestNGProvider.invoke(TestNGProvider.java:137)\n\tat org.apache.maven.surefire.booter.ForkedBooter.runSuitesInProcess(ForkedBooter.java:385)\n\tat org.apache.maven.surefire.booter.ForkedBooter.execute(ForkedBooter.java:162)\n\tat org.apache.maven.surefire.booter.ForkedBooter.run(ForkedBooter.java:507)\n\tat org.apache.maven.surefire.booter.ForkedBooter.main(ForkedBooter.java:495)\n","flaky":false,"newFailed":false,"newBroken":false,"newPassed":false,"retriesCount":0,"retriesStatusChange":false,"beforeStages":[{"name":"setupTestConfig","time":{"start":1739191903777,"stop":1739191903783,"duration":6},"description":"","status":"passed","steps":[{"name":"Generating test data.","time":{"start":1739191903778,"stop":1739191903779,"duration":1},"status":"passed","steps":[],"attachments":[],"parameters":[],"shouldDisplayMessage":false,"stepsCount":0,"attachmentsCount":0,"hasContent":false,"attachmentStep":false},{"name":"Generated TestDataDto(config=PingerConfigFile(dto=ConfigDto(minSuccessfulPings=2, maxPings=3, endpoints=[EndpointDto(address=1.1.1.1, description=Cloudflare DNS, ignore=false), EndpointDto(address=1.0.0.1, description=Cloudflare Secondary DNS, ignore=false), EndpointDto(address=8.8.8.8, description=Google DNS, ignore=false), EndpointDto(address=8.8.4.4, description=Google Secondary DNS, ignore=false), EndpointDto(address=8.8.8.8, description=Google DNS EDGE, ignore=false), EndpointDto(address=192.168.0.1, description=My Router, ignore=false), EndpointDto(address=192.168.0.102, description=My S/O LAN, ignore=false), EndpointDto(address=123.123.123.123, description=My S/O WAN, ignore=false), EndpointDto(address=208.67.222.222, description=Open DNS, ignore=false), EndpointDto(address=9.9.9.9, description=Quad9 DNS, ignore=false), EndpointDto(address=149.112.112.112, description=Quad9 DNS, ignore=false), EndpointDto(address=1.1.1.1, description=Cloudflare DNS, ignore=true), EndpointDto(address=192.168.0.101, description=My Grandma, ignore=false), EndpointDto(address=192.168.0.101, description=My Grandma, ignore=true)])), report=PingerReportFile(dto=null)).","time":{"start":1739191903783,"stop":1739191903783,"duration":0},"status":"passed","steps":[],"attachments":[],"parameters":[],"shouldDisplayMessage":false,"stepsCount":0,"attachmentsCount":0,"hasContent":false,"attachmentStep":false}],"attachments":[],"parameters":[],"shouldDisplayMessage":false,"stepsCount":2,"attachmentsCount":0,"hasContent":true,"attachmentStep":false}],"testStage":{"description":"Execution of config file that has more than 10 endpoints.","status":"failed","statusMessage":"The following asserts failed:\n\tAssert endpoint data. expected [EndpointDto(address=9.9.9.9, description=Quad9 DNS, ignore=false)] but found [EndpointDto(address=149.112.112.112, description=Quad9 DNS, ignore=false)]\nStack Trace :[org.testng.Assert.fail(Assert.java:111)\n org.testng.Assert.failNotEquals(Assert.java:1578)\n org.testng.Assert.assertEqualsImpl(Assert.java:150)\n org.testng.Assert.assertEquals(Assert.java:132)\n org.testng.asserts.Assertion$8.doAssert(Assertion.java:156)\n com.pinger.automation.utils.SoftVerifier.doAssert(SoftVerifier.java:19)\n org.testng.asserts.Assertion.assertEquals(Assertion.java:152)\n com.pinger.automation.core.model.clients.PingerClient.validateEndpointEntries(PingerClient.java:88)\n com.pinger.automation.core.model.clients.PingerClient.processValidScenario(PingerClient.java:72)\n functional.TC016_VerifyElevenEndpointsProcessingTest.test(TC016_VerifyElevenEndpointsProcessingTest.java:39)\n java.base/jdk.internal.reflect.DirectMethodHandleAccessor.invoke(DirectMethodHandleAccessor.java:103)\n java.base/java.lang.reflect.Method.invoke(Method.java:580)\n org.testng.internal.invokers.MethodInvocationHelper.invokeMethod(MethodInvocationHelper.java:139)\n org.testng.internal.invokers.TestInvoker.invokeMethod(TestInvoker.java:664)\n org.testng.internal.invokers.TestInvoker.invokeTestMethod(TestInvoker.java:228)\n org.testng.internal.invokers.MethodRunner.runInSequence(MethodRunner.java:63)\n org.testng.internal.invokers.TestInvoker$MethodInvocationAgent.invoke(TestInvoker.java:961)\n org.testng.internal.invokers.TestInvoker.invokeTestMethods(TestInvoker.java:201)\n org.testng.internal.invokers.TestMethodWorker.invokeTestMethods(TestMethodWorker.java:148)\n org.testng.internal.invokers.TestMethodWorker.run(TestMethodWorker.java:128)\n java.base/java.util.ArrayList.forEach(ArrayList.java:1596)\n org.testng.TestRunner.privateRun(TestRunner.java:819)\n org.testng.TestRunner.run(TestRunner.java:619)\n org.testng.SuiteRunner.runTest(SuiteRunner.java:443)\n org.testng.SuiteRunner.runSequentially(SuiteRunner.java:437)\n org.testng.SuiteRunner.privateRun(SuiteRunner.java:397)\n org.testng.SuiteRunner.run(SuiteRunner.java:336)\n org.testng.SuiteRunnerWorker.runSuite(SuiteRunnerWorker.java:52)\n org.testng.SuiteRunnerWorker.run(SuiteRunnerWorker.java:95)\n org.testng.TestNG.runSuitesSequentially(TestNG.java:1301)\n org.testng.TestNG.runSuitesLocally(TestNG.java:1228)\n org.testng.TestNG.runSuites(TestNG.java:1134)\n org.testng.TestNG.run(TestNG.java:1101)\n org.apache.maven.surefire.testng.TestNGExecutor.run(TestNGExecutor.java:155)\n org.apache.maven.surefire.testng.TestNGDirectoryTestSuite.executeMulti(TestNGDirectoryTestSuite.java:169)\n org.apache.maven.surefire.testng.TestNGDirectoryTestSuite.execute(TestNGDirectoryTestSuite.java:88)\n org.apache.maven.surefire.testng.TestNGProvider.invoke(TestNGProvider.java:137)\n org.apache.maven.surefire.booter.ForkedBooter.runSuitesInProcess(ForkedBooter.java:385)\n org.apache.maven.surefire.booter.ForkedBooter.execute(ForkedBooter.java:162)\n org.apache.maven.surefire.booter.ForkedBooter.run(ForkedBooter.java:507)\n org.apache.maven.surefire.booter.ForkedBooter.main(ForkedBooter.java:495)],\n\tAssert endpoint data. expected [EndpointDto(address=1.1.1.1, description=Cloudflare DNS, ignore=false)] but found [EndpointDto(address=1.1.1.1, description=Cloudflare DNS, ignore=true)]\nStack Trace :[org.testng.Assert.fail(Assert.java:111)\n org.testng.Assert.failNotEquals(Assert.java:1578)\n org.testng.Assert.assertEqualsImpl(Assert.java:150)\n org.testng.Assert.assertEquals(Assert.java:132)\n org.testng.asserts.Assertion$8.doAssert(Assertion.java:156)\n com.pinger.automation.utils.SoftVerifier.doAssert(SoftVerifier.java:19)\n org.testng.asserts.Assertion.assertEquals(Assertion.java:152)\n com.pinger.automation.core.model.clients.PingerClient.validateEndpointEntries(PingerClient.java:88)\n com.pinger.automation.core.model.clients.PingerClient.processValidScenario(PingerClient.java:72)\n functional.TC016_VerifyElevenEndpointsProcessingTest.test(TC016_VerifyElevenEndpointsProcessingTest.java:39)\n java.base/jdk.internal.reflect.DirectMethodHandleAccessor.invoke(DirectMethodHandleAccessor.java:103)\n java.base/java.lang.reflect.Method.invoke(Method.java:580)\n org.testng.internal.invokers.MethodInvocationHelper.invokeMethod(MethodInvocationHelper.java:139)\n org.testng.internal.invokers.TestInvoker.invokeMethod(TestInvoker.java:664)\n org.testng.internal.invokers.TestInvoker.invokeTestMethod(TestInvoker.java:228)\n org.testng.internal.invokers.MethodRunner.runInSequence(MethodRunner.java:63)\n org.testng.internal.invokers.TestInvoker$MethodInvocationAgent.invoke(TestInvoker.java:961)\n org.testng.internal.invokers.TestInvoker.invokeTestMethods(TestInvoker.java:201)\n org.testng.internal.invokers.TestMethodWorker.invokeTestMethods(TestMethodWorker.java:148)\n org.testng.internal.invokers.TestMethodWorker.run(TestMethodWorker.java:128)\n java.base/java.util.ArrayList.forEach(ArrayList.java:1596)\n org.testng.TestRunner.privateRun(TestRunner.java:819)\n org.testng.TestRunner.run(TestRunner.java:619)\n org.testng.SuiteRunner.runTest(SuiteRunner.java:443)\n org.testng.SuiteRunner.runSequentially(SuiteRunner.java:437)\n org.testng.SuiteRunner.privateRun(SuiteRunner.java:397)\n org.testng.SuiteRunner.run(SuiteRunner.java:336)\n org.testng.SuiteRunnerWorker.runSuite(SuiteRunnerWorker.java:52)\n org.testng.SuiteRunnerWorker.run(SuiteRunnerWorker.java:95)\n org.testng.TestNG.runSuitesSequentially(TestNG.java:1301)\n org.testng.TestNG.runSuitesLocally(TestNG.java:1228)\n org.testng.TestNG.runSuites(TestNG.java:1134)\n org.testng.TestNG.run(TestNG.java:1101)\n org.apache.maven.surefire.testng.TestNGExecutor.run(TestNGExecutor.java:155)\n org.apache.maven.surefire.testng.TestNGDirectoryTestSuite.executeMulti(TestNGDirectoryTestSuite.java:169)\n org.apache.maven.surefire.testng.TestNGDirectoryTestSuite.execute(TestNGDirectoryTestSuite.java:88)\n org.apache.maven.surefire.testng.TestNGProvider.invoke(TestNGProvider.java:137)\n org.apache.maven.surefire.booter.ForkedBooter.runSuitesInProcess(ForkedBooter.java:385)\n org.apache.maven.surefire.booter.ForkedBooter.execute(ForkedBooter.java:162)\n org.apache.maven.surefire.booter.ForkedBooter.run(ForkedBooter.java:507)\n org.apache.maven.surefire.booter.ForkedBooter.main(ForkedBooter.java:495)],\n\tAssert endpoint data. expected [EndpointDto(address=192.168.0.101, description=My Grandma, ignore=false)] but found [EndpointDto(address=192.168.0.101, description=My Grandma, ignore=true)]\nStack Trace :[org.testng.Assert.fail(Assert.java:111)\n org.testng.Assert.failNotEquals(Assert.java:1578)\n org.testng.Assert.assertEqualsImpl(Assert.java:150)\n org.testng.Assert.assertEquals(Assert.java:132)\n org.testng.asserts.Assertion$8.doAssert(Assertion.java:156)\n com.pinger.automation.utils.SoftVerifier.doAssert(SoftVerifier.java:19)\n org.testng.asserts.Assertion.assertEquals(Assertion.java:152)\n com.pinger.automation.core.model.clients.PingerClient.validateEndpointEntries(PingerClient.java:88)\n com.pinger.automation.core.model.clients.PingerClient.processValidScenario(PingerClient.java:72)\n functional.TC016_VerifyElevenEndpointsProcessingTest.test(TC016_VerifyElevenEndpointsProcessingTest.java:39)\n java.base/jdk.internal.reflect.DirectMethodHandleAccessor.invoke(DirectMethodHandleAccessor.java:103)\n java.base/java.lang.reflect.Method.invoke(Method.java:580)\n org.testng.internal.invokers.MethodInvocationHelper.invokeMethod(MethodInvocationHelper.java:139)\n org.testng.internal.invokers.TestInvoker.invokeMethod(TestInvoker.java:664)\n org.testng.internal.invokers.TestInvoker.invokeTestMethod(TestInvoker.java:228)\n org.testng.internal.invokers.MethodRunner.runInSequence(MethodRunner.java:63)\n org.testng.internal.invokers.TestInvoker$MethodInvocationAgent.invoke(TestInvoker.java:961)\n org.testng.internal.invokers.TestInvoker.invokeTestMethods(TestInvoker.java:201)\n org.testng.internal.invokers.TestMethodWorker.invokeTestMethods(TestMethodWorker.java:148)\n org.testng.internal.invokers.TestMethodWorker.run(TestMethodWorker.java:128)\n java.base/java.util.ArrayList.forEach(ArrayList.java:1596)\n org.testng.TestRunner.privateRun(TestRunner.java:819)\n org.testng.TestRunner.run(TestRunner.java:619)\n org.testng.SuiteRunner.runTest(SuiteRunner.java:443)\n org.testng.SuiteRunner.runSequentially(SuiteRunner.java:437)\n org.testng.SuiteRunner.privateRun(SuiteRunner.java:397)\n org.testng.SuiteRunner.run(SuiteRunner.java:336)\n org.testng.SuiteRunnerWorker.runSuite(SuiteRunnerWorker.java:52)\n org.testng.SuiteRunnerWorker.run(SuiteRunnerWorker.java:95)\n org.testng.TestNG.runSuitesSequentially(TestNG.java:1301)\n org.testng.TestNG.runSuitesLocally(TestNG.java:1228)\n org.testng.TestNG.runSuites(TestNG.java:1134)\n org.testng.TestNG.run(TestNG.java:1101)\n org.apache.maven.surefire.testng.TestNGExecutor.run(TestNGExecutor.java:155)\n org.apache.maven.surefire.testng.TestNGDirectoryTestSuite.executeMulti(TestNGDirectoryTestSuite.java:169)\n org.apache.maven.surefire.testng.TestNGDirectoryTestSuite.execute(TestNGDirectoryTestSuite.java:88)\n org.apache.maven.surefire.testng.TestNGProvider.invoke(TestNGProvider.java:137)\n org.apache.maven.surefire.booter.ForkedBooter.runSuitesInProcess(ForkedBooter.java:385)\n org.apache.maven.surefire.booter.ForkedBooter.execute(ForkedBooter.java:162)\n org.apache.maven.surefire.booter.ForkedBooter.run(ForkedBooter.java:507)\n org.apache.maven.surefire.booter.ForkedBooter.main(ForkedBooter.java:495)]","statusTrace":"java.lang.AssertionError: The following asserts failed:\n\tAssert endpoint data. expected [EndpointDto(address=9.9.9.9, description=Quad9 DNS, ignore=false)] but found [EndpointDto(address=149.112.112.112, description=Quad9 DNS, ignore=false)]\nStack Trace :[org.testng.Assert.fail(Assert.java:111)\n org.testng.Assert.failNotEquals(Assert.java:1578)\n org.testng.Assert.assertEqualsImpl(Assert.java:150)\n org.testng.Assert.assertEquals(Assert.java:132)\n org.testng.asserts.Assertion$8.doAssert(Assertion.java:156)\n com.pinger.automation.utils.SoftVerifier.doAssert(SoftVerifier.java:19)\n org.testng.asserts.Assertion.assertEquals(Assertion.java:152)\n com.pinger.automation.core.model.clients.PingerClient.validateEndpointEntries(PingerClient.java:88)\n com.pinger.automation.core.model.clients.PingerClient.processValidScenario(PingerClient.java:72)\n functional.TC016_VerifyElevenEndpointsProcessingTest.test(TC016_VerifyElevenEndpointsProcessingTest.java:39)\n java.base/jdk.internal.reflect.DirectMethodHandleAccessor.invoke(DirectMethodHandleAccessor.java:103)\n java.base/java.lang.reflect.Method.invoke(Method.java:580)\n org.testng.internal.invokers.MethodInvocationHelper.invokeMethod(MethodInvocationHelper.java:139)\n org.testng.internal.invokers.TestInvoker.invokeMethod(TestInvoker.java:664)\n org.testng.internal.invokers.TestInvoker.invokeTestMethod(TestInvoker.java:228)\n org.testng.internal.invokers.MethodRunner.runInSequence(MethodRunner.java:63)\n org.testng.internal.invokers.TestInvoker$MethodInvocationAgent.invoke(TestInvoker.java:961)\n org.testng.internal.invokers.TestInvoker.invokeTestMethods(TestInvoker.java:201)\n org.testng.internal.invokers.TestMethodWorker.invokeTestMethods(TestMethodWorker.java:148)\n org.testng.internal.invokers.TestMethodWorker.run(TestMethodWorker.java:128)\n java.base/java.util.ArrayList.forEach(ArrayList.java:1596)\n org.testng.TestRunner.privateRun(TestRunner.java:819)\n org.testng.TestRunner.run(TestRunner.java:619)\n org.testng.SuiteRunner.runTest(SuiteRunner.java:443)\n org.testng.SuiteRunner.runSequentially(SuiteRunner.java:437)\n org.testng.SuiteRunner.privateRun(SuiteRunner.java:397)\n org.testng.SuiteRunner.run(SuiteRunner.java:336)\n org.testng.SuiteRunnerWorker.runSuite(SuiteRunnerWorker.java:52)\n org.testng.SuiteRunnerWorker.run(SuiteRunnerWorker.java:95)\n org.testng.TestNG.runSuitesSequentially(TestNG.java:1301)\n org.testng.TestNG.runSuitesLocally(TestNG.java:1228)\n org.testng.TestNG.runSuites(TestNG.java:1134)\n org.testng.TestNG.run(TestNG.java:1101)\n org.apache.maven.surefire.testng.TestNGExecutor.run(TestNGExecutor.java:155)\n org.apache.maven.surefire.testng.TestNGDirectoryTestSuite.executeMulti(TestNGDirectoryTestSuite.java:169)\n org.apache.maven.surefire.testng.TestNGDirectoryTestSuite.execute(TestNGDirectoryTestSuite.java:88)\n org.apache.maven.surefire.testng.TestNGProvider.invoke(TestNGProvider.java:137)\n org.apache.maven.surefire.booter.ForkedBooter.runSuitesInProcess(ForkedBooter.java:385)\n org.apache.maven.surefire.booter.ForkedBooter.execute(ForkedBooter.java:162)\n org.apache.maven.surefire.booter.ForkedBooter.run(ForkedBooter.java:507)\n org.apache.maven.surefire.booter.ForkedBooter.main(ForkedBooter.java:495)],\n\tAssert endpoint data. expected [EndpointDto(address=1.1.1.1, description=Cloudflare DNS, ignore=false)] but found [EndpointDto(address=1.1.1.1, description=Cloudflare DNS, ignore=true)]\nStack Trace :[org.testng.Assert.fail(Assert.java:111)\n org.testng.Assert.failNotEquals(Assert.java:1578)\n org.testng.Assert.assertEqualsImpl(Assert.java:150)\n org.testng.Assert.assertEquals(Assert.java:132)\n org.testng.asserts.Assertion$8.doAssert(Assertion.java:156)\n com.pinger.automation.utils.SoftVerifier.doAssert(SoftVerifier.java:19)\n org.testng.asserts.Assertion.assertEquals(Assertion.java:152)\n com.pinger.automation.core.model.clients.PingerClient.validateEndpointEntries(PingerClient.java:88)\n com.pinger.automation.core.model.clients.PingerClient.processValidScenario(PingerClient.java:72)\n functional.TC016_VerifyElevenEndpointsProcessingTest.test(TC016_VerifyElevenEndpointsProcessingTest.java:39)\n java.base/jdk.internal.reflect.DirectMethodHandleAccessor.invoke(DirectMethodHandleAccessor.java:103)\n java.base/java.lang.reflect.Method.invoke(Method.java:580)\n org.testng.internal.invokers.MethodInvocationHelper.invokeMethod(MethodInvocationHelper.java:139)\n org.testng.internal.invokers.TestInvoker.invokeMethod(TestInvoker.java:664)\n org.testng.internal.invokers.TestInvoker.invokeTestMethod(TestInvoker.java:228)\n org.testng.internal.invokers.MethodRunner.runInSequence(MethodRunner.java:63)\n org.testng.internal.invokers.TestInvoker$MethodInvocationAgent.invoke(TestInvoker.java:961)\n org.testng.internal.invokers.TestInvoker.invokeTestMethods(TestInvoker.java:201)\n org.testng.internal.invokers.TestMethodWorker.invokeTestMethods(TestMethodWorker.java:148)\n org.testng.internal.invokers.TestMethodWorker.run(TestMethodWorker.java:128)\n java.base/java.util.ArrayList.forEach(ArrayList.java:1596)\n org.testng.TestRunner.privateRun(TestRunner.java:819)\n org.testng.TestRunner.run(TestRunner.java:619)\n org.testng.SuiteRunner.runTest(SuiteRunner.java:443)\n org.testng.SuiteRunner.runSequentially(SuiteRunner.java:437)\n org.testng.SuiteRunner.privateRun(SuiteRunner.java:397)\n org.testng.SuiteRunner.run(SuiteRunner.java:336)\n org.testng.SuiteRunnerWorker.runSuite(SuiteRunnerWorker.java:52)\n org.testng.SuiteRunnerWorker.run(SuiteRunnerWorker.java:95)\n org.testng.TestNG.runSuitesSequentially(TestNG.java:1301)\n org.testng.TestNG.runSuitesLocally(TestNG.java:1228)\n org.testng.TestNG.runSuites(TestNG.java:1134)\n org.testng.TestNG.run(TestNG.java:1101)\n org.apache.maven.surefire.testng.TestNGExecutor.run(TestNGExecutor.java:155)\n org.apache.maven.surefire.testng.TestNGDirectoryTestSuite.executeMulti(TestNGDirectoryTestSuite.java:169)\n org.apache.maven.surefire.testng.TestNGDirectoryTestSuite.execute(TestNGDirectoryTestSuite.java:88)\n org.apache.maven.surefire.testng.TestNGProvider.invoke(TestNGProvider.java:137)\n org.apache.maven.surefire.booter.ForkedBooter.runSuitesInProcess(ForkedBooter.java:385)\n org.apache.maven.surefire.booter.ForkedBooter.execute(ForkedBooter.java:162)\n org.apache.maven.surefire.booter.ForkedBooter.run(ForkedBooter.java:507)\n org.apache.maven.surefire.booter.ForkedBooter.main(ForkedBooter.java:495)],\n\tAssert endpoint data. expected [EndpointDto(address=192.168.0.101, description=My Grandma, ignore=false)] but found [EndpointDto(address=192.168.0.101, description=My Grandma, ignore=true)]\nStack Trace :[org.testng.Assert.fail(Assert.java:111)\n org.testng.Assert.failNotEquals(Assert.java:1578)\n org.testng.Assert.assertEqualsImpl(Assert.java:150)\n org.testng.Assert.assertEquals(Assert.java:132)\n org.testng.asserts.Assertion$8.doAssert(Assertion.java:156)\n com.pinger.automation.utils.SoftVerifier.doAssert(SoftVerifier.java:19)\n org.testng.asserts.Assertion.assertEquals(Assertion.java:152)\n com.pinger.automation.core.model.clients.PingerClient.validateEndpointEntries(PingerClient.java:88)\n com.pinger.automation.core.model.clients.PingerClient.processValidScenario(PingerClient.java:72)\n functional.TC016_VerifyElevenEndpointsProcessingTest.test(TC016_VerifyElevenEndpointsProcessingTest.java:39)\n java.base/jdk.internal.reflect.DirectMethodHandleAccessor.invoke(DirectMethodHandleAccessor.java:103)\n java.base/java.lang.reflect.Method.invoke(Method.java:580)\n org.testng.internal.invokers.MethodInvocationHelper.invokeMethod(MethodInvocationHelper.java:139)\n org.testng.internal.invokers.TestInvoker.invokeMethod(TestInvoker.java:664)\n org.testng.internal.invokers.TestInvoker.invokeTestMethod(TestInvoker.java:228)\n org.testng.internal.invokers.MethodRunner.runInSequence(MethodRunner.java:63)\n org.testng.internal.invokers.TestInvoker$MethodInvocationAgent.invoke(TestInvoker.java:961)\n org.testng.internal.invokers.TestInvoker.invokeTestMethods(TestInvoker.java:201)\n org.testng.internal.invokers.TestMethodWorker.invokeTestMethods(TestMethodWorker.java:148)\n org.testng.internal.invokers.TestMethodWorker.run(TestMethodWorker.java:128)\n java.base/java.util.ArrayList.forEach(ArrayList.java:1596)\n org.testng.TestRunner.privateRun(TestRunner.java:819)\n org.testng.TestRunner.run(TestRunner.java:619)\n org.testng.SuiteRunner.runTest(SuiteRunner.java:443)\n org.testng.SuiteRunner.runSequentially(SuiteRunner.java:437)\n org.testng.SuiteRunner.privateRun(SuiteRunner.java:397)\n org.testng.SuiteRunner.run(SuiteRunner.java:336)\n org.testng.SuiteRunnerWorker.runSuite(SuiteRunnerWorker.java:52)\n org.testng.SuiteRunnerWorker.run(SuiteRunnerWorker.java:95)\n org.testng.TestNG.runSuitesSequentially(TestNG.java:1301)\n org.testng.TestNG.runSuitesLocally(TestNG.java:1228)\n org.testng.TestNG.runSuites(TestNG.java:1134)\n org.testng.TestNG.run(TestNG.java:1101)\n org.apache.maven.surefire.testng.TestNGExecutor.run(TestNGExecutor.java:155)\n org.apache.maven.surefire.testng.TestNGDirectoryTestSuite.executeMulti(TestNGDirectoryTestSuite.java:169)\n org.apache.maven.surefire.testng.TestNGDirectoryTestSuite.execute(TestNGDirectoryTestSuite.java:88)\n org.apache.maven.surefire.testng.TestNGProvider.invoke(TestNGProvider.java:137)\n org.apache.maven.surefire.booter.ForkedBooter.runSuitesInProcess(ForkedBooter.java:385)\n org.apache.maven.surefire.booter.ForkedBooter.execute(ForkedBooter.java:162)\n org.apache.maven.surefire.booter.ForkedBooter.run(ForkedBooter.java:507)\n org.apache.maven.surefire.booter.ForkedBooter.main(ForkedBooter.java:495)]\n\tat com.pinger.automation.utils.SoftVerifier.verifyAll(SoftVerifier.java:47)\n\tat com.pinger.automation.core.model.clients.PingerClient.processValidScenario(PingerClient.java:73)\n\tat functional.TC016_VerifyElevenEndpointsProcessingTest.test(TC016_VerifyElevenEndpointsProcessingTest.java:39)\n\tat java.base/jdk.internal.reflect.DirectMethodHandleAccessor.invoke(DirectMethodHandleAccessor.java:103)\n\tat java.base/java.lang.reflect.Method.invoke(Method.java:580)\n\tat org.testng.internal.invokers.MethodInvocationHelper.invokeMethod(MethodInvocationHelper.java:139)\n\tat org.testng.internal.invokers.TestInvoker.invokeMethod(TestInvoker.java:664)\n\tat org.testng.internal.invokers.TestInvoker.invokeTestMethod(TestInvoker.java:228)\n\tat org.testng.internal.invokers.MethodRunner.runInSequence(MethodRunner.java:63)\n\tat org.testng.internal.invokers.TestInvoker$MethodInvocationAgent.invoke(TestInvoker.java:961)\n\tat org.testng.internal.invokers.TestInvoker.invokeTestMethods(TestInvoker.java:201)\n\tat org.testng.internal.invokers.TestMethodWorker.invokeTestMethods(TestMethodWorker.java:148)\n\tat org.testng.internal.invokers.TestMethodWorker.run(TestMethodWorker.java:128)\n\tat java.base/java.util.ArrayList.forEach(ArrayList.java:1596)\n\tat org.testng.TestRunner.privateRun(TestRunner.java:819)\n\tat org.testng.TestRunner.run(TestRunner.java:619)\n\tat org.testng.SuiteRunner.runTest(SuiteRunner.java:443)\n\tat org.testng.SuiteRunner.runSequentially(SuiteRunner.java:437)\n\tat org.testng.SuiteRunner.privateRun(SuiteRunner.java:397)\n\tat org.testng.SuiteRunner.run(SuiteRunner.java:336)\n\tat org.testng.SuiteRunnerWorker.runSuite(SuiteRunnerWorker.java:52)\n\tat org.testng.SuiteRunnerWorker.run(SuiteRunnerWorker.java:95)\n\tat org.testng.TestNG.runSuitesSequentially(TestNG.java:1301)\n\tat org.testng.TestNG.runSuitesLocally(TestNG.java:1228)\n\tat org.testng.TestNG.runSuites(TestNG.java:1134)\n\tat org.testng.TestNG.run(TestNG.java:1101)\n\tat org.apache.maven.surefire.testng.TestNGExecutor.run(TestNGExecutor.java:155)\n\tat org.apache.maven.surefire.testng.TestNGDirectoryTestSuite.executeMulti(TestNGDirectoryTestSuite.java:169)\n\tat org.apache.maven.surefire.testng.TestNGDirectoryTestSuite.execute(TestNGDirectoryTestSuite.java:88)\n\tat org.apache.maven.surefire.testng.TestNGProvider.invoke(TestNGProvider.java:137)\n\tat org.apache.maven.surefire.booter.ForkedBooter.runSuitesInProcess(ForkedBooter.java:385)\n\tat org.apache.maven.surefire.booter.ForkedBooter.execute(ForkedBooter.java:162)\n\tat org.apache.maven.surefire.booter.ForkedBooter.run(ForkedBooter.java:507)\n\tat org.apache.maven.surefire.booter.ForkedBooter.main(ForkedBooter.java:495)\n","steps":[{"name":"Running ./pinger application with TC016_VerifyElevenEndpointsProcessingTestConfig.json TC016_VerifyElevenEndpointsProcessingTestReport.json parameters.","time":{"start":1739191903785,"stop":1739191903785,"duration":0},"status":"passed","steps":[],"attachments":[],"parameters":[],"shouldDisplayMessage":false,"stepsCount":0,"attachmentsCount":0,"hasContent":false,"attachmentStep":false}],"attachments":[],"parameters":[],"shouldDisplayMessage":true,"stepsCount":1,"attachmentsCount":0,"hasContent":true,"attachmentStep":false},"afterStages":[],"labels":[{"name":"package","value":"functional.TC016_VerifyElevenEndpointsProcessingTest"},{"name":"testClass","value":"functional.TC016_VerifyElevenEndpointsProcessingTest"},{"name":"testMethod","value":"test"},{"name":"parentSuite","value":"Surefire suite"},{"name":"suite","value":"Surefire test"},{"name":"subSuite","value":"functional.TC016_VerifyElevenEndpointsProcessingTest"},{"name":"host","value":"fv-az1361-283"},{"name":"thread","value":"4300@fv-az1361-283.main(1)"},{"name":"framework","value":"testng"},{"name":"language","value":"java"},{"name":"resultFormat","value":"allure2"}],"parameters":[],"links":[],"hidden":false,"retry":false,"extra":{"severity":"normal","retries":[],"categories":[{"name":"Product defects","matchedStatuses":[],"flaky":false}],"history":{"statistic":{"failed":2,"broken":0,"skipped":0,"passed":1,"unknown":2,"total":5},"items":[{"uid":"4ec15167da4db63f","reportUrl":"https://TassadarDC.github.io/bup_bop/58//#testresult/4ec15167da4db63f","status":"failed","statusDetails":"The following asserts failed:\n\tAssert endpoint data. expected [EndpointDto(address=9.9.9.9, description=Quad9 DNS, ignore=false)] but found [EndpointDto(address=149.112.112.112, description=Quad9 DNS, ignore=false)]\nStack Trace :[org.testng.Assert.fail(Assert.java:111)\n org.testng.Assert.failNotEquals(Assert.java:1578)\n org.testng.Assert.assertEqualsImpl(Assert.java:150)\n org.testng.Assert.assertEquals(Assert.java:132)\n org.testng.asserts.Assertion$8.doAssert(Assertion.java:156)\n com.pinger.automation.utils.SoftVerifier.doAssert(SoftVerifier.java:19)\n org.testng.asserts.Assertion.assertEquals(Assertion.java:152)\n com.pinger.automation.core.model.clients.PingerClient.validateEndpointEntries(PingerClient.java:88)\n com.pinger.automation.core.model.clients.PingerClient.processValidScenario(PingerClient.java:72)\n functional.TC016_VerifyElevenEndpointsProcessingTest.test(TC016_VerifyElevenEndpointsProcessingTest.java:39)\n java.base/jdk.internal.reflect.DirectMethodHandleAccessor.invoke(DirectMethodHandleAccessor.java:103)\n java.base/java.lang.reflect.Method.invoke(Method.java:580)\n org.testng.internal.invokers.MethodInvocationHelper.invokeMethod(MethodInvocationHelper.java:139)\n org.testng.internal.invokers.TestInvoker.invokeMethod(TestInvoker.java:664)\n org.testng.internal.invokers.TestInvoker.invokeTestMethod(TestInvoker.java:228)\n org.testng.internal.invokers.MethodRunner.runInSequence(MethodRunner.java:63)\n org.testng.internal.invokers.TestInvoker$MethodInvocationAgent.invoke(TestInvoker.java:961)\n org.testng.internal.invokers.TestInvoker.invokeTestMethods(TestInvoker.java:201)\n org.testng.internal.invokers.TestMethodWorker.invokeTestMethods(TestMethodWorker.java:148)\n org.testng.internal.invokers.TestMethodWorker.run(TestMethodWorker.java:128)\n java.base/java.util.ArrayList.forEach(ArrayList.java:1596)\n org.testng.TestRunner.privateRun(TestRunner.java:819)\n org.testng.TestRunner.run(TestRunner.java:619)\n org.testng.SuiteRunner.runTest(SuiteRunner.java:443)\n org.testng.SuiteRunner.runSequentially(SuiteRunner.java:437)\n org.testng.SuiteRunner.privateRun(SuiteRunner.java:397)\n org.testng.SuiteRunner.run(SuiteRunner.java:336)\n org.testng.SuiteRunnerWorker.runSuite(SuiteRunnerWorker.java:52)\n org.testng.SuiteRunnerWorker.run(SuiteRunnerWorker.java:95)\n org.testng.TestNG.runSuitesSequentially(TestNG.java:1301)\n org.testng.TestNG.runSuitesLocally(TestNG.java:1228)\n org.testng.TestNG.runSuites(TestNG.java:1134)\n org.testng.TestNG.run(TestNG.java:1101)\n org.apache.maven.surefire.testng.TestNGExecutor.run(TestNGExecutor.java:155)\n org.apache.maven.surefire.testng.TestNGDirectoryTestSuite.executeMulti(TestNGDirectoryTestSuite.java:169)\n org.apache.maven.surefire.testng.TestNGDirectoryTestSuite.execute(TestNGDirectoryTestSuite.java:88)\n org.apache.maven.surefire.testng.TestNGProvider.invoke(TestNGProvider.java:137)\n org.apache.maven.surefire.booter.ForkedBooter.runSuitesInProcess(ForkedBooter.java:385)\n org.apache.maven.surefire.booter.ForkedBooter.execute(ForkedBooter.java:162)\n org.apache.maven.surefire.booter.ForkedBooter.run(ForkedBooter.java:507)\n org.apache.maven.surefire.booter.ForkedBooter.main(ForkedBooter.java:495)],\n\tAssert endpoint data. expected [EndpointDto(address=1.1.1.1, description=Cloudflare DNS, ignore=false)] but found [EndpointDto(address=1.1.1.1, description=Cloudflare DNS, ignore=true)]\nStack Trace :[org.testng.Assert.fail(Assert.java:111)\n org.testng.Assert.failNotEquals(Assert.java:1578)\n org.testng.Assert.assertEqualsImpl(Assert.java:150)\n org.testng.Assert.assertEquals(Assert.java:132)\n org.testng.asserts.Assertion$8.doAssert(Assertion.java:156)\n com.pinger.automation.utils.SoftVerifier.doAssert(SoftVerifier.java:19)\n org.testng.asserts.Assertion.assertEquals(Assertion.java:152)\n com.pinger.automation.core.model.clients.PingerClient.validateEndpointEntries(PingerClient.java:88)\n com.pinger.automation.core.model.clients.PingerClient.processValidScenario(PingerClient.java:72)\n functional.TC016_VerifyElevenEndpointsProcessingTest.test(TC016_VerifyElevenEndpointsProcessingTest.java:39)\n java.base/jdk.internal.reflect.DirectMethodHandleAccessor.invoke(DirectMethodHandleAccessor.java:103)\n java.base/java.lang.reflect.Method.invoke(Method.java:580)\n org.testng.internal.invokers.MethodInvocationHelper.invokeMethod(MethodInvocationHelper.java:139)\n org.testng.internal.invokers.TestInvoker.invokeMethod(TestInvoker.java:664)\n org.testng.internal.invokers.TestInvoker.invokeTestMethod(TestInvoker.java:228)\n org.testng.internal.invokers.MethodRunner.runInSequence(MethodRunner.java:63)\n org.testng.internal.invokers.TestInvoker$MethodInvocationAgent.invoke(TestInvoker.java:961)\n org.testng.internal.invokers.TestInvoker.invokeTestMethods(TestInvoker.java:201)\n org.testng.internal.invokers.TestMethodWorker.invokeTestMethods(TestMethodWorker.java:148)\n org.testng.internal.invokers.TestMethodWorker.run(TestMethodWorker.java:128)\n java.base/java.util.ArrayList.forEach(ArrayList.java:1596)\n org.testng.TestRunner.privateRun(TestRunner.java:819)\n org.testng.TestRunner.run(TestRunner.java:619)\n org.testng.SuiteRunner.runTest(SuiteRunner.java:443)\n org.testng.SuiteRunner.runSequentially(SuiteRunner.java:437)\n org.testng.SuiteRunner.privateRun(SuiteRunner.java:397)\n org.testng.SuiteRunner.run(SuiteRunner.java:336)\n org.testng.SuiteRunnerWorker.runSuite(SuiteRunnerWorker.java:52)\n org.testng.SuiteRunnerWorker.run(SuiteRunnerWorker.java:95)\n org.testng.TestNG.runSuitesSequentially(TestNG.java:1301)\n org.testng.TestNG.runSuitesLocally(TestNG.java:1228)\n org.testng.TestNG.runSuites(TestNG.java:1134)\n org.testng.TestNG.run(TestNG.java:1101)\n org.apache.maven.surefire.testng.TestNGExecutor.run(TestNGExecutor.java:155)\n org.apache.maven.surefire.testng.TestNGDirectoryTestSuite.executeMulti(TestNGDirectoryTestSuite.java:169)\n org.apache.maven.surefire.testng.TestNGDirectoryTestSuite.execute(TestNGDirectoryTestSuite.java:88)\n org.apache.maven.surefire.testng.TestNGProvider.invoke(TestNGProvider.java:137)\n org.apache.maven.surefire.booter.ForkedBooter.runSuitesInProcess(ForkedBooter.java:385)\n org.apache.maven.surefire.booter.ForkedBooter.execute(ForkedBooter.java:162)\n org.apache.maven.surefire.booter.ForkedBooter.run(ForkedBooter.java:507)\n org.apache.maven.surefire.booter.ForkedBooter.main(ForkedBooter.java:495)],\n\tAssert endpoint data. expected [EndpointDto(address=192.168.0.101, description=My Grandma, ignore=false)] but found [EndpointDto(address=192.168.0.101, description=My Grandma, ignore=true)]\nStack Trace :[org.testng.Assert.fail(Assert.java:111)\n org.testng.Assert.failNotEquals(Assert.java:1578)\n org.testng.Assert.assertEqualsImpl(Assert.java:150)\n org.testng.Assert.assertEquals(Assert.java:132)\n org.testng.asserts.Assertion$8.doAssert(Assertion.java:156)\n com.pinger.automation.utils.SoftVerifier.doAssert(SoftVerifier.java:19)\n org.testng.asserts.Assertion.assertEquals(Assertion.java:152)\n com.pinger.automation.core.model.clients.PingerClient.validateEndpointEntries(PingerClient.java:88)\n com.pinger.automation.core.model.clients.PingerClient.processValidScenario(PingerClient.java:72)\n functional.TC016_VerifyElevenEndpointsProcessingTest.test(TC016_VerifyElevenEndpointsProcessingTest.java:39)\n java.base/jdk.internal.reflect.DirectMethodHandleAccessor.invoke(DirectMethodHandleAccessor.java:103)\n java.base/java.lang.reflect.Method.invoke(Method.java:580)\n org.testng.internal.invokers.MethodInvocationHelper.invokeMethod(MethodInvocationHelper.java:139)\n org.testng.internal.invokers.TestInvoker.invokeMethod(TestInvoker.java:664)\n org.testng.internal.invokers.TestInvoker.invokeTestMethod(TestInvoker.java:228)\n org.testng.internal.invokers.MethodRunner.runInSequence(MethodRunner.java:63)\n org.testng.internal.invokers.TestInvoker$MethodInvocationAgent.invoke(TestInvoker.java:961)\n org.testng.internal.invokers.TestInvoker.invokeTestMethods(TestInvoker.java:201)\n org.testng.internal.invokers.TestMethodWorker.invokeTestMethods(TestMethodWorker.java:148)\n org.testng.internal.invokers.TestMethodWorker.run(TestMethodWorker.java:128)\n java.base/java.util.ArrayList.forEach(ArrayList.java:1596)\n org.testng.TestRunner.privateRun(TestRunner.java:819)\n org.testng.TestRunner.run(TestRunner.java:619)\n org.testng.SuiteRunner.runTest(SuiteRunner.java:443)\n org.testng.SuiteRunner.runSequentially(SuiteRunner.java:437)\n org.testng.SuiteRunner.privateRun(SuiteRunner.java:397)\n org.testng.SuiteRunner.run(SuiteRunner.java:336)\n org.testng.SuiteRunnerWorker.runSuite(SuiteRunnerWorker.java:52)\n org.testng.SuiteRunnerWorker.run(SuiteRunnerWorker.java:95)\n org.testng.TestNG.runSuitesSequentially(TestNG.java:1301)\n org.testng.TestNG.runSuitesLocally(TestNG.java:1228)\n org.testng.TestNG.runSuites(TestNG.java:1134)\n org.testng.TestNG.run(TestNG.java:1101)\n org.apache.maven.surefire.testng.TestNGExecutor.run(TestNGExecutor.java:155)\n org.apache.maven.surefire.testng.TestNGDirectoryTestSuite.executeMulti(TestNGDirectoryTestSuite.java:169)\n org.apache.maven.surefire.testng.TestNGDirectoryTestSuite.execute(TestNGDirectoryTestSuite.java:88)\n org.apache.maven.surefire.testng.TestNGProvider.invoke(TestNGProvider.java:137)\n org.apache.maven.surefire.booter.ForkedBooter.runSuitesInProcess(ForkedBooter.java:385)\n org.apache.maven.surefire.booter.ForkedBooter.execute(ForkedBooter.java:162)\n org.apache.maven.surefire.booter.ForkedBooter.run(ForkedBooter.java:507)\n org.apache.maven.surefire.booter.ForkedBooter.main(ForkedBooter.java:495)]","time":{"start":1739188524423,"stop":1739188944598,"duration":420175}},{"uid":"f33fd5faf9e3005","reportUrl":"https://TassadarDC.github.io/bup_bop/57//#testresult/f33fd5faf9e3005","status":"passed","time":{"start":1739145152050,"stop":1739145572167,"duration":420117}},{"uid":"721c681ba544a46","reportUrl":"https://TassadarDC.github.io/bup_bop/56//#testresult/721c681ba544a46","status":"unknown","time":{"start":1739144734269,"stop":1739144734269,"duration":0}},{"uid":"f477a807b2a558ca","reportUrl":"https://TassadarDC.github.io/bup_bop/55//#testresult/f477a807b2a558ca","status":"unknown","time":{"start":1739144497618,"stop":1739144497618,"duration":0}}]},"tags":[]},"source":"1858d6cdbbb14ca.json","parameterValues":[]}